#
# A fatal error has been detected by the Java Runtime Environment:
#
#  EXCEPTION_ACCESS_VIOLATION (0xc0000005) at pc=0x63d69ab5, pid=8400, tid=10860
#
# JRE version: Java(TM) SE Runtime Environment (8.0_66-b17) (build 1.8.0_66-b17)
# Java VM: Java HotSpot(TM) Client VM (25.66-b17 mixed mode windows-x86 )
# Problematic frame:
# C  [awt.dll+0xa9ab5]
#
# Failed to write core dump. Minidumps are not enabled by default on client versions of Windows
#
# If you would like to submit a bug report, please visit:
#   http://bugreport.java.com/bugreport/crash.jsp
# The crash happened outside the Java Virtual Machine in native code.
# See problematic frame for where to report the bug.
#

---------------  T H R E A D  ---------------

Current thread (0x256ffc00):  JavaThread "AWT-EventQueue-0" [_thread_in_native, id=10860, stack(0x28660000,0x286b0000)]

siginfo: ExceptionCode=0xc0000005, reading address 0x00000004

Registers:
EAX=0x0000000d, EBX=0x27ad2fd8, ECX=0x00000000, EDX=0x00000000
ESP=0x286adc08, EBP=0x751c8290, ESI=0x277ead50, EDI=0x01011527
EIP=0x63d69ab5, EFLAGS=0x00010293

Top of Stack: (sp=0x286adc08)
0x286adc08:   63cee93f 01011527 27ad2fd8 256ffd40
0x286adc18:   286adcd8 286ae190 63d1b31f 256ffd40
0x286adc28:   27ad2fd8 286ae190 63d1b336 00000001
0x286adc38:   00000000 00000000 63cebb85 256ffd40
0x286adc48:   286ae190 256ffc00 00000000 284cabb8
0x286adc58:   249bbb48 286adc7c 249bd6a0 278ff640
0x286adc68:   286ae194 256ffd40 286adc7c 286adca0
0x286adc78:   026a4075 0fe8a028 286adc80 24af6624 

Instructions: (pc=0x63d69ab5)
0x63d69a95:   00 00 c3 8b 41 04 8b 80 0c 0c 00 00 c3 8b 01 83
0x63d69aa5:   78 04 08 7e 03 33 c0 c3 8b 49 04 e9 94 eb fe ff
0x63d69ab5:   8b 49 04 85 c9 74 05 e9 a2 e9 fe ff 33 c0 c2 04
0x63d69ac5:   00 8b 49 04 85 c9 74 05 e9 b7 e9 fe ff c2 04 00 


Register to memory mapping:

EAX=0x0000000d is an unknown value
EBX=0x27ad2fd8 is an unknown value
ECX=0x00000000 is an unknown value
EDX=0x00000000 is an unknown value
ESP=0x286adc08 is pointing into the stack for thread: 0x256ffc00
EBP=0x751c8290 is an unknown value
ESI=0x277ead50 is an unknown value
EDI=0x01011527 is an unknown value


Stack: [0x28660000,0x286b0000],  sp=0x286adc08,  free space=311k
Native frames: (J=compiled Java code, j=interpreted, Vv=VM code, C=native code)
C  [awt.dll+0xa9ab5]

Java frames: (J=compiled Java code, j=interpreted, Vv=VM code)
J 1779  sun.java2d.windows.GDIBlitLoops.nativeBlit(Lsun/java2d/SurfaceData;Lsun/java2d/SurfaceData;Lsun/java2d/pipe/Region;IIIIIIIIIZ)V (0 bytes) @ 0x02990b18 [0x02990a50+0xc8]
j  sun.java2d.windows.GDIBlitLoops.Blit(Lsun/java2d/SurfaceData;Lsun/java2d/SurfaceData;Ljava/awt/Composite;Lsun/java2d/pipe/Region;IIIIII)V+33
j  sun.java2d.pipe.DrawImage.blitSurfaceData(Lsun/java2d/SunGraphics2D;Lsun/java2d/pipe/Region;Lsun/java2d/SurfaceData;Lsun/java2d/SurfaceData;Lsun/java2d/loops/SurfaceType;Lsun/java2d/loops/SurfaceType;IIIIIILjava/awt/Color;)V+97
j  sun.java2d.pipe.DrawImage.renderImageCopy(Lsun/java2d/SunGraphics2D;Ljava/awt/Image;Ljava/awt/Color;IIIIII)Z+75
j  sun.java2d.pipe.DrawImage.copyImage(Lsun/java2d/SunGraphics2D;Ljava/awt/Image;IILjava/awt/Color;)Z+45
j  sun.java2d.pipe.DrawImage.copyImage(Lsun/java2d/SunGraphics2D;Ljava/awt/Image;IILjava/awt/Color;Ljava/awt/image/ImageObserver;)Z+15
j  sun.java2d.pipe.ValidatePipe.copyImage(Lsun/java2d/SunGraphics2D;Ljava/awt/Image;IILjava/awt/Color;Ljava/awt/image/ImageObserver;)Z+21
j  sun.java2d.SunGraphics2D.drawImage(Ljava/awt/Image;IILjava/awt/Color;Ljava/awt/image/ImageObserver;)Z+66
j  sun.java2d.SunGraphics2D.drawImage(Ljava/awt/Image;IILjava/awt/image/ImageObserver;)Z+7
j  javax.swing.RepaintManager$PaintManager.paintDoubleBuffered(Ljavax/swing/JComponent;Ljava/awt/Image;Ljava/awt/Graphics;IIII)V+242
j  javax.swing.RepaintManager$PaintManager.paint(Ljavax/swing/JComponent;Ljavax/swing/JComponent;Ljava/awt/Graphics;IIII)Z+116
j  javax.swing.RepaintManager.paint(Ljavax/swing/JComponent;Ljavax/swing/JComponent;Ljava/awt/Graphics;IIII)V+51
j  javax.swing.JComponent.paint(Ljava/awt/Graphics;)V+221
j  java.awt.GraphicsCallback$PaintCallback.run(Ljava/awt/Component;Ljava/awt/Graphics;)V+2
j  sun.awt.SunGraphicsCallback.runOneComponent(Ljava/awt/Component;Ljava/awt/Rectangle;Ljava/awt/Graphics;Ljava/awt/Shape;I)V+155
j  sun.awt.SunGraphicsCallback.runComponents([Ljava/awt/Component;Ljava/awt/Graphics;I)V+194
j  java.awt.Container.paint(Ljava/awt/Graphics;)V+58
j  java.awt.Window.paint(Ljava/awt/Graphics;)V+68
j  javax.swing.RepaintManager$4.run()Ljava/lang/Void;+142
j  javax.swing.RepaintManager$4.run()Ljava/lang/Object;+1
v  ~StubRoutines::call_stub
J 1348  java.security.AccessController.doPrivileged(Ljava/security/PrivilegedAction;Ljava/security/AccessControlContext;)Ljava/lang/Object; (0 bytes) @ 0x02908c87 [0x02908c20+0x67]
j  java.security.ProtectionDomain$JavaSecurityAccessImpl.doIntersectionPrivilege(Ljava/security/PrivilegedAction;Ljava/security/AccessControlContext;Ljava/security/AccessControlContext;)Ljava/lang/Object;+18
j  javax.swing.RepaintManager.paintDirtyRegions(Ljava/util/Map;)V+154
j  javax.swing.RepaintManager.paintDirtyRegions()V+46
j  javax.swing.RepaintManager.prePaintDirtyRegions()V+73
j  javax.swing.RepaintManager.access$1200(Ljavax/swing/RepaintManager;)V+1
j  javax.swing.RepaintManager$ProcessingRunnable.run()V+37
J 1637 C1 java.awt.event.InvocationEvent.dispatch()V (69 bytes) @ 0x02968fdc [0x02968ef0+0xec]
J 1388 C1 java.awt.EventQueue.dispatchEventImpl(Ljava/awt/AWTEvent;Ljava/lang/Object;)V (149 bytes) @ 0x0291458c [0x029140d0+0x4bc]
J 1383 C1 java.awt.EventQueue$3.run()Ljava/lang/Void; (60 bytes) @ 0x02911f1c [0x02911ec0+0x5c]
J 1382 C1 java.awt.EventQueue$3.run()Ljava/lang/Object; (5 bytes) @ 0x02911ca0 [0x02911c80+0x20]
v  ~StubRoutines::call_stub
J 1348  java.security.AccessController.doPrivileged(Ljava/security/PrivilegedAction;Ljava/security/AccessControlContext;)Ljava/lang/Object; (0 bytes) @ 0x02908c87 [0x02908c20+0x67]
J 1386 C1 java.awt.EventQueue.dispatchEvent(Ljava/awt/AWTEvent;)V (80 bytes) @ 0x02912fc8 [0x02912dc0+0x208]
J 1305 C1 java.awt.EventDispatchThread.pumpOneEventForFilters(I)V (295 bytes) @ 0x028ff494 [0x028fee00+0x694]
J 2100% C1 java.awt.EventDispatchThread.pumpEventsForFilter(ILjava/awt/Conditional;Ljava/awt/EventFilter;)V (47 bytes) @ 0x0289f87c [0x0289f7c0+0xbc]
j  java.awt.EventDispatchThread.pumpEventsForHierarchy(ILjava/awt/Conditional;Ljava/awt/Component;)V+11
j  java.awt.EventDispatchThread.pumpEvents(ILjava/awt/Conditional;)V+4
j  java.awt.EventDispatchThread.pumpEvents(Ljava/awt/Conditional;)V+3
j  java.awt.EventDispatchThread.run()V+9
v  ~StubRoutines::call_stub

---------------  P R O C E S S  ---------------

Java Threads: ( => current thread )
  0x27a08800 JavaThread "EventThread COM6" [_thread_in_native, id=7956, stack(0x25c20000,0x25c70000)]
  0x27a08400 JavaThread "DestroyJavaVM" [_thread_blocked, id=4372, stack(0x004e0000,0x00530000)]
=>0x256ffc00 JavaThread "AWT-EventQueue-0" [_thread_in_native, id=10860, stack(0x28660000,0x286b0000)]
  0x256fe400 JavaThread "AWT-Shutdown" [_thread_blocked, id=7884, stack(0x285d0000,0x28620000)]
  0x256ff400 JavaThread "TimerQueue" daemon [_thread_blocked, id=2248, stack(0x28220000,0x28270000)]
  0x256fdc00 JavaThread "JmDNS(USER.local.).State.Timer" [_thread_blocked, id=10452, stack(0x270f0000,0x27140000)]
  0x256e5400 JavaThread "SocketListener(USER.local.)" daemon [_thread_in_native, id=2328, stack(0x26fd0000,0x27020000)]
  0x256c9400 JavaThread "cc.arduino.packages.discoverers.network.BoardReachabilityFilter" [_thread_blocked, id=1568, stack(0x26ac0000,0x26b10000)]
  0x255ff000 JavaThread "cc.arduino.packages.discoverers.network.NetworkChecker" [_thread_blocked, id=2932, stack(0x26a30000,0x26a80000)]
  0x2560f000 JavaThread "cc.arduino.packages.discoverers.serial.SerialBoardsLister" [_thread_blocked, id=4044, stack(0x269a0000,0x269f0000)]
  0x2552cc00 JavaThread "AWT-Windows" daemon [_thread_in_native, id=9928, stack(0x25a70000,0x25ac0000)]
  0x25527400 JavaThread "Java2D Disposer" daemon [_thread_blocked, id=6904, stack(0x25950000,0x259a0000)]
  0x24df6000 JavaThread "Service Thread" daemon [_thread_blocked, id=5880, stack(0x253b0000,0x25400000)]
  0x24def800 JavaThread "C1 CompilerThread0" daemon [_thread_blocked, id=9176, stack(0x25320000,0x25370000)]
  0x24dee000 JavaThread "Attach Listener" daemon [_thread_blocked, id=9272, stack(0x25290000,0x252e0000)]
  0x24e24000 JavaThread "Signal Dispatcher" daemon [_thread_blocked, id=1692, stack(0x25200000,0x25250000)]
  0x24dc7800 JavaThread "Finalizer" daemon [_thread_blocked, id=11236, stack(0x25090000,0x250e0000)]
  0x00ace800 JavaThread "Reference Handler" daemon [_thread_blocked, id=2776, stack(0x25000000,0x25050000)]

Other Threads:
  0x00accc00 VMThread [stack: 0x24d70000,0x24dc0000] [id=10648]
  0x24df9400 WatcherThread [stack: 0x25440000,0x25490000] [id=6704]

VM state:not at safepoint (normal execution)

VM Mutex/Monitor currently owned by a thread: None

Heap:
 def new generation   total 99520K, used 86171K [0x04800000, 0x0b3f0000, 0x0f2a0000)
  eden space 88512K,  97% used [0x04800000, 0x09be3090, 0x09e70000)
  from space 11008K,   2% used [0x09e70000, 0x09eb3d08, 0x0a930000)
  to   space 11008K,   0% used [0x0a930000, 0x0a930000, 0x0b3f0000)
 tenured generation   total 220888K, used 163621K [0x0f2a0000, 0x1ca56000, 0x24800000)
   the space 220888K,  74% used [0x0f2a0000, 0x19269680, 0x19269800, 0x1ca56000)
 Metaspace       used 16890K, capacity 17299K, committed 17536K, reserved 17792K

Card table byte_map: [0x24800000,0x24910000] byte_map_base: 0x247dc000

Polling page: 0x00570000

CodeCache: size=32768Kb used=1678Kb max_used=3284Kb free=31089Kb
 bounds [0x026a0000, 0x029d8000, 0x046a0000]
 total_blobs=944 nmethods=672 adapters=199
 compilation: enabled

Compilation events (10 events):
Event: 34399.360 Thread 0x24def800 22585             org.fife.ui.rsyntaxtextarea.TokenImpl::getType (5 bytes)
Event: 34399.360 Thread 0x24def800 nmethod 22585 0x027e52c8 code [0x027e53c0, 0x027e5440]
Event: 34399.360 Thread 0x24def800 22586             sun.font.FileFontStrike::getCachedGlyphPtr (120 bytes)
Event: 34399.360 Thread 0x24def800 nmethod 22586 0x0288c448 code [0x0288c570, 0x0288c7d0]
Event: 34399.360 Thread 0x24def800 22587             sun.font.StandardGlyphVector::initPositions (229 bytes)
Event: 34399.361 Thread 0x24def800 nmethod 22587 0x027ad708 code [0x027ad8d0, 0x027ade20]
Event: 34399.361 Thread 0x24def800 22588             sun.font.CompositeGlyphMapper::charsToGlyphs (156 bytes)
Event: 34399.362 Thread 0x24def800 nmethod 22588 0x028f04c8 code [0x028f0600, 0x028f0938]
Event: 34399.362 Thread 0x24def800 22589             java.awt.image.SinglePixelPackedSampleModel::<init> (277 bytes)
Event: 34399.363 Thread 0x24def800 nmethod 22589 0x02839b08 code [0x02839ce0, 0x0283a4a0]

GC Heap History (10 events):
Event: 33968.246 GC heap before
{Heap before GC invocations=337 (full 3):
 def new generation   total 99520K, used 88772K [0x04800000, 0x0b3f0000, 0x0f2a0000)
  eden space 88512K, 100% used [0x04800000, 0x09e70000, 0x09e70000)
  from space 11008K,   2% used [0x0a930000, 0x0a9711f0, 0x0b3f0000)
  to   space 11008K,   0% used [0x09e70000, 0x09e70000, 0x0a930000)
 tenured generation   total 220888K, used 163621K [0x0f2a0000, 0x1ca56000, 0x24800000)
   the space 220888K,  74% used [0x0f2a0000, 0x19269680, 0x19269800, 0x1ca56000)
 Metaspace       used 16876K, capacity 17294K, committed 17536K, reserved 17792K
Event: 33968.248 GC heap after
Heap after GC invocations=338 (full 3):
 def new generation   total 99520K, used 251K [0x04800000, 0x0b3f0000, 0x0f2a0000)
  eden space 88512K,   0% used [0x04800000, 0x04800000, 0x09e70000)
  from space 11008K,   2% used [0x09e70000, 0x09eaedf8, 0x0a930000)
  to   space 11008K,   0% used [0x0a930000, 0x0a930000, 0x0b3f0000)
 tenured generation   total 220888K, used 163621K [0x0f2a0000, 0x1ca56000, 0x24800000)
   the space 220888K,  74% used [0x0f2a0000, 0x19269680, 0x19269800, 0x1ca56000)
 Metaspace       used 16876K, capacity 17294K, committed 17536K, reserved 17792K
}
Event: 34056.310 GC heap before
{Heap before GC invocations=338 (full 3):
 def new generation   total 99520K, used 88763K [0x04800000, 0x0b3f0000, 0x0f2a0000)
  eden space 88512K, 100% used [0x04800000, 0x09e70000, 0x09e70000)
  from space 11008K,   2% used [0x09e70000, 0x09eaedf8, 0x0a930000)
  to   space 11008K,   0% used [0x0a930000, 0x0a930000, 0x0b3f0000)
 tenured generation   total 220888K, used 163621K [0x0f2a0000, 0x1ca56000, 0x24800000)
   the space 220888K,  74% used [0x0f2a0000, 0x19269680, 0x19269800, 0x1ca56000)
 Metaspace       used 16876K, capacity 17294K, committed 17536K, reserved 17792K
Event: 34056.312 GC heap after
Heap after GC invocations=339 (full 3):
 def new generation   total 99520K, used 260K [0x04800000, 0x0b3f0000, 0x0f2a0000)
  eden space 88512K,   0% used [0x04800000, 0x04800000, 0x09e70000)
  from space 11008K,   2% used [0x0a930000, 0x0a971260, 0x0b3f0000)
  to   space 11008K,   0% used [0x09e70000, 0x09e70000, 0x0a930000)
 tenured generation   total 220888K, used 163621K [0x0f2a0000, 0x1ca56000, 0x24800000)
   the space 220888K,  74% used [0x0f2a0000, 0x19269680, 0x19269800, 0x1ca56000)
 Metaspace       used 16876K, capacity 17294K, committed 17536K, reserved 17792K
}
Event: 34142.994 GC heap before
{Heap before GC invocations=339 (full 3):
 def new generation   total 99520K, used 88772K [0x04800000, 0x0b3f0000, 0x0f2a0000)
  eden space 88512K, 100% used [0x04800000, 0x09e70000, 0x09e70000)
  from space 11008K,   2% used [0x0a930000, 0x0a971260, 0x0b3f0000)
  to   space 11008K,   0% used [0x09e70000, 0x09e70000, 0x0a930000)
 tenured generation   total 220888K, used 163621K [0x0f2a0000, 0x1ca56000, 0x24800000)
   the space 220888K,  74% used [0x0f2a0000, 0x19269680, 0x19269800, 0x1ca56000)
 Metaspace       used 16876K, capacity 17294K, committed 17536K, reserved 17792K
Event: 34142.996 GC heap after
Heap after GC invocations=340 (full 3):
 def new generation   total 99520K, used 252K [0x04800000, 0x0b3f0000, 0x0f2a0000)
  eden space 88512K,   0% used [0x04800000, 0x04800000, 0x09e70000)
  from space 11008K,   2% used [0x09e70000, 0x09eaf318, 0x0a930000)
  to   space 11008K,   0% used [0x0a930000, 0x0a930000, 0x0b3f0000)
 tenured generation   total 220888K, used 163621K [0x0f2a0000, 0x1ca56000, 0x24800000)
   the space 220888K,  74% used [0x0f2a0000, 0x19269680, 0x19269800, 0x1ca56000)
 Metaspace       used 16876K, capacity 17294K, committed 17536K, reserved 17792K
}
Event: 34229.696 GC heap before
{Heap before GC invocations=340 (full 3):
 def new generation   total 99520K, used 88764K [0x04800000, 0x0b3f0000, 0x0f2a0000)
  eden space 88512K, 100% used [0x04800000, 0x09e70000, 0x09e70000)
  from space 11008K,   2% used [0x09e70000, 0x09eaf318, 0x0a930000)
  to   space 11008K,   0% used [0x0a930000, 0x0a930000, 0x0b3f0000)
 tenured generation   total 220888K, used 163621K [0x0f2a0000, 0x1ca56000, 0x24800000)
   the space 220888K,  74% used [0x0f2a0000, 0x19269680, 0x19269800, 0x1ca56000)
 Metaspace       used 16876K, capacity 17294K, committed 17536K, reserved 17792K
Event: 34229.699 GC heap after
Heap after GC invocations=341 (full 3):
 def new generation   total 99520K, used 252K [0x04800000, 0x0b3f0000, 0x0f2a0000)
  eden space 88512K,   0% used [0x04800000, 0x04800000, 0x09e70000)
  from space 11008K,   2% used [0x0a930000, 0x0a96f2a8, 0x0b3f0000)
  to   space 11008K,   0% used [0x09e70000, 0x09e70000, 0x0a930000)
 tenured generation   total 220888K, used 163621K [0x0f2a0000, 0x1ca56000, 0x24800000)
   the space 220888K,  74% used [0x0f2a0000, 0x19269680, 0x19269800, 0x1ca56000)
 Metaspace       used 16876K, capacity 17294K, committed 17536K, reserved 17792K
}
Event: 34316.997 GC heap before
{Heap before GC invocations=341 (full 3):
 def new generation   total 99520K, used 88764K [0x04800000, 0x0b3f0000, 0x0f2a0000)
  eden space 88512K, 100% used [0x04800000, 0x09e70000, 0x09e70000)
  from space 11008K,   2% used [0x0a930000, 0x0a96f2a8, 0x0b3f0000)
  to   space 11008K,   0% used [0x09e70000, 0x09e70000, 0x0a930000)
 tenured generation   total 220888K, used 163621K [0x0f2a0000, 0x1ca56000, 0x24800000)
   the space 220888K,  74% used [0x0f2a0000, 0x19269680, 0x19269800, 0x1ca56000)
 Metaspace       used 16876K, capacity 17294K, committed 17536K, reserved 17792K
Event: 34316.999 GC heap after
Heap after GC invocations=342 (full 3):
 def new generation   total 99520K, used 271K [0x04800000, 0x0b3f0000, 0x0f2a0000)
  eden space 88512K,   0% used [0x04800000, 0x04800000, 0x09e70000)
  from space 11008K,   2% used [0x09e70000, 0x09eb3d08, 0x0a930000)
  to   space 11008K,   0% used [0x0a930000, 0x0a930000, 0x0b3f0000)
 tenured generation   total 220888K, used 163621K [0x0f2a0000, 0x1ca56000, 0x24800000)
   the space 220888K,  74% used [0x0f2a0000, 0x19269680, 0x19269800, 0x1ca56000)
 Metaspace       used 16876K, capacity 17294K, committed 17536K, reserved 17792K
}

Deoptimization events (0 events):
No events

Internal exceptions (10 events):
Event: 27224.611 Thread 0x27a08800 Exception <a 'sun/nio/fs/WindowsException'> (0x08361500) thrown at [C:\re\workspace\8-2-build-windows-i586-cygwin\jdk8u66\4988\hotspot\src\share\vm\prims\jni.cpp, line 709]
Event: 27224.611 Thread 0x27a08800 Exception <a 'sun/nio/fs/WindowsException'> (0x08361af8) thrown at [C:\re\workspace\8-2-build-windows-i586-cygwin\jdk8u66\4988\hotspot\src\share\vm\prims\jni.cpp, line 709]
Event: 27224.611 Thread 0x27a08800 Exception <a 'sun/nio/fs/WindowsException'> (0x0836b578) thrown at [C:\re\workspace\8-2-build-windows-i586-cygwin\jdk8u66\4988\hotspot\src\share\vm\prims\jni.cpp, line 709]
Event: 27224.612 Thread 0x27a08800 Exception <a 'sun/nio/fs/WindowsException'> (0x0836bbe8) thrown at [C:\re\workspace\8-2-build-windows-i586-cygwin\jdk8u66\4988\hotspot\src\share\vm\prims\jni.cpp, line 709]
Event: 27224.612 Thread 0x27a08800 Exception <a 'sun/nio/fs/WindowsException'> (0x08375578) thrown at [C:\re\workspace\8-2-build-windows-i586-cygwin\jdk8u66\4988\hotspot\src\share\vm\prims\jni.cpp, line 709]
Event: 27224.612 Thread 0x27a08800 Exception <a 'sun/nio/fs/WindowsException'> (0x08375b70) thrown at [C:\re\workspace\8-2-build-windows-i586-cygwin\jdk8u66\4988\hotspot\src\share\vm\prims\jni.cpp, line 709]
Event: 27224.613 Thread 0x27a08800 Exception <a 'sun/nio/fs/WindowsException'> (0x0837f6c0) thrown at [C:\re\workspace\8-2-build-windows-i586-cygwin\jdk8u66\4988\hotspot\src\share\vm\prims\jni.cpp, line 709]
Event: 27224.613 Thread 0x27a08800 Exception <a 'sun/nio/fs/WindowsException'> (0x0837fcc8) thrown at [C:\re\workspace\8-2-build-windows-i586-cygwin\jdk8u66\4988\hotspot\src\share\vm\prims\jni.cpp, line 709]
Event: 27224.615 Thread 0x27a08800 Exception <a 'sun/nio/fs/WindowsException'> (0x0838a100) thrown at [C:\re\workspace\8-2-build-windows-i586-cygwin\jdk8u66\4988\hotspot\src\share\vm\prims\jni.cpp, line 709]
Event: 27224.615 Thread 0x27a08800 Exception <a 'sun/nio/fs/WindowsException'> (0x0838a690) thrown at [C:\re\workspace\8-2-build-windows-i586-cygwin\jdk8u66\4988\hotspot\src\share\vm\prims\jni.cpp, line 709]

Events (10 events):
Event: 34396.304 loading class java/util/concurrent/Semaphore$FairSync
Event: 34396.305 loading class java/util/concurrent/Semaphore$Sync
Event: 34396.305 loading class java/util/concurrent/Semaphore$Sync done
Event: 34396.305 loading class java/util/concurrent/Semaphore$FairSync done
Event: 34398.701 Thread 0x27a09000 Thread added: 0x27a09000
Event: 34398.778 loading class sun/awt/windows/WWindowPeer$1
Event: 34399.335 loading class sun/awt/windows/WWindowPeer$1 done
Event: 34399.336 Thread 0x24def800 flushing nmethod 0x0276cb88
Event: 34399.336 Thread 0x24def800 flushing nmethod 0x027cbd08
Event: 34399.337 Thread 0x24def800 flushing nmethod 0x029a14c8


Dynamic libraries:
0x00f20000 - 0x00f53000 	C:\Program Files (x86)\Arduino\java\bin\javaw.exe
0x77280000 - 0x773ef000 	C:\windows\SYSTEM32\ntdll.dll
0x74e10000 - 0x74f50000 	C:\windows\SYSTEM32\KERNEL32.DLL
0x76b20000 - 0x76bf7000 	C:\windows\SYSTEM32\KERNELBASE.dll
0x73000000 - 0x730a0000 	C:\windows\system32\apphelp.dll
0x65800000 - 0x65a66000 	C:\windows\AppPatch\AcGenral.DLL
0x75450000 - 0x75513000 	C:\windows\SYSTEM32\msvcrt.dll
0x74fe0000 - 0x75021000 	C:\windows\SYSTEM32\sechost.dll
0x74a70000 - 0x74a8e000 	C:\windows\SYSTEM32\SspiCli.dll
0x770c0000 - 0x77105000 	C:\windows\SYSTEM32\SHLWAPI.dll
0x740c0000 - 0x741ad000 	C:\windows\SYSTEM32\UxTheme.dll
0x74c20000 - 0x74d73000 	C:\windows\SYSTEM32\USER32.dll
0x751c0000 - 0x752cf000 	C:\windows\SYSTEM32\GDI32.dll
0x74580000 - 0x745a3000 	C:\windows\SYSTEM32\WINMM.dll
0x744d0000 - 0x744e3000 	C:\windows\SYSTEM32\samcli.dll
0x76e90000 - 0x76fb9000 	C:\windows\SYSTEM32\ole32.dll
0x76da0000 - 0x76e35000 	C:\windows\SYSTEM32\OLEAUT32.dll
0x735b0000 - 0x735c7000 	C:\windows\SYSTEM32\MSACM32.dll
0x74440000 - 0x74448000 	C:\windows\SYSTEM32\VERSION.dll
0x75520000 - 0x767dc000 	C:\windows\SYSTEM32\SHELL32.dll
0x744f0000 - 0x7450b000 	C:\windows\SYSTEM32\USERENV.dll
0x740a0000 - 0x740ba000 	C:\windows\SYSTEM32\dwmapi.dll
0x73790000 - 0x738db000 	C:\windows\SYSTEM32\urlmon.dll
0x74d90000 - 0x74e0c000 	C:\windows\SYSTEM32\ADVAPI32.dll
0x746e0000 - 0x74745000 	C:\windows\SYSTEM32\WINSPOOL.DRV
0x6a1a0000 - 0x6a1b6000 	C:\windows\SYSTEM32\MPR.dll
0x74b20000 - 0x74bda000 	C:\windows\SYSTEM32\RPCRT4.dll
0x74a60000 - 0x74a6a000 	C:\windows\SYSTEM32\CRYPTBASE.dll
0x752d0000 - 0x7544d000 	C:\windows\SYSTEM32\combase.dll
0x74550000 - 0x74573000 	C:\windows\SYSTEM32\WINMMBASE.dll
0x74640000 - 0x7464f000 	C:\windows\SYSTEM32\profapi.dll
0x738e0000 - 0x73b12000 	C:\windows\SYSTEM32\iertutil.dll
0x73b20000 - 0x73d2d000 	C:\windows\SYSTEM32\WININET.dll
0x74a00000 - 0x74a54000 	C:\windows\SYSTEM32\bcryptPrimitives.dll
0x76fc0000 - 0x76ffc000 	C:\windows\SYSTEM32\cfgmgr32.dll
0x74520000 - 0x74541000 	C:\windows\SYSTEM32\DEVOBJ.dll
0x74650000 - 0x746db000 	C:\windows\SYSTEM32\SHCORE.DLL
0x74af0000 - 0x74b17000 	C:\windows\system32\IMM32.DLL
0x76c10000 - 0x76d22000 	C:\windows\SYSTEM32\MSCTF.dll
0x73d50000 - 0x73f56000 	C:\windows\WinSxS\x86_microsoft.windows.common-controls_6595b64144ccf1df_6.0.9600.18006_none_a9ec6aab013aafee\COMCTL32.dll
0x65740000 - 0x657ff000 	C:\Program Files (x86)\Arduino\java\bin\msvcr100.dll
0x63e10000 - 0x641d5000 	C:\Program Files (x86)\Arduino\java\bin\client\jvm.dll
0x6a110000 - 0x6a118000 	C:\windows\SYSTEM32\WSOCK32.dll
0x77000000 - 0x77006000 	C:\windows\SYSTEM32\PSAPI.DLL
0x76e40000 - 0x76e90000 	C:\windows\SYSTEM32\WS2_32.dll
0x76c00000 - 0x76c07000 	C:\windows\SYSTEM32\NSI.dll
0x66060000 - 0x66091000 	C:\Program Files (x86)\Arduino\java\bin\splashscreen.dll
0x74940000 - 0x74949000 	C:\windows\SYSTEM32\kernel.appcore.dll
0x66050000 - 0x6605c000 	C:\Program Files (x86)\Arduino\java\bin\verify.dll
0x66020000 - 0x66041000 	C:\Program Files (x86)\Arduino\java\bin\java.dll
0x74f50000 - 0x74fdd000 	C:\windows\SYSTEM32\clbcatq.dll
0x71a00000 - 0x71b3a000 	C:\windows\SYSTEM32\PROPSYS.dll
0x726c0000 - 0x726e6000 	C:\Windows\SYSTEM32\IME\IMEKR\imkrapi.dll
0x71840000 - 0x71870000 	C:\Windows\SYSTEM32\IME\shared\imjkapi.dll
0x744a0000 - 0x744c8000 	C:\windows\SYSTEM32\ntmarta.dll
0x65ff0000 - 0x66003000 	C:\Program Files (x86)\Arduino\java\bin\zip.dll
0x63cc0000 - 0x63e05000 	C:\Program Files (x86)\Arduino\java\bin\awt.dll
0x65fb0000 - 0x65fe9000 	C:\Program Files (x86)\Arduino\java\bin\fontmanager.dll
0x65f50000 - 0x65f66000 	C:\Program Files (x86)\Arduino\java\bin\net.dll
0x74810000 - 0x7485b000 	C:\windows\system32\mswsock.dll
0x65fa0000 - 0x65faf000 	C:\Program Files (x86)\Arduino\java\bin\nio.dll
0x65e70000 - 0x65ea0000 	C:\Program Files (x86)\Arduino\java\bin\t2k.dll
0x74920000 - 0x74940000 	C:\windows\SYSTEM32\IPHLPAPI.DLL
0x748b0000 - 0x748b8000 	C:\windows\SYSTEM32\WINNSI.DLL
0x747d0000 - 0x747e3000 	C:\windows\SYSTEM32\dhcpcsvc6.DLL
0x747f0000 - 0x74804000 	C:\windows\SYSTEM32\dhcpcsvc.DLL
0x74750000 - 0x747ce000 	C:\windows\SYSTEM32\DNSAPI.dll
0x73fd0000 - 0x73fd8000 	C:\Windows\System32\rasadhlp.dll
0x72f00000 - 0x72f46000 	C:\windows\System32\fwpuclnt.dll
0x74420000 - 0x74439000 	C:\windows\SYSTEM32\CRYPTSP.dll
0x743f0000 - 0x74420000 	C:\windows\system32\rsaenh.dll
0x743d0000 - 0x743ee000 	C:\windows\SYSTEM32\bcrypt.dll
0x271d0000 - 0x2720d000 	C:\Users\이찬우\AppData\Local\Temp\jna-50739832\jna5567776578503851708.dll
0x02500000 - 0x0251b000 	C:\Users\이찬우\.jssc\windows\jSSC-2.8_x86.dll
0x63c50000 - 0x63cb9000 	C:\Program Files (x86)\Arduino\msvcp100.dll
0x63b90000 - 0x63c4e000 	C:\Program Files (x86)\Arduino\msvcr100.dll
0x02520000 - 0x02552000 	C:\Program Files (x86)\Arduino\lib\AStylej.dll
0x73620000 - 0x7378b000 	C:\windows\SYSTEM32\WindowsCodecs.dll
0x727d0000 - 0x7287e000 	C:\Windows\SYSTEM32\IME\IMEKR\imkrtip.dll
0x726f0000 - 0x727c5000 	C:\Windows\SYSTEM32\IME\shared\imetip.dll
0x731d0000 - 0x73220000 	C:\windows\SYSTEM32\OLEACC.dll
0x70c00000 - 0x70d69000 	C:\windows\SYSTEM32\DUI70.dll
0x73310000 - 0x73451000 	C:\windows\SYSTEM32\dbghelp.dll

VM Arguments:
jvm_args: -Dsun.java2d.d3d=false -DAPP_DIR=C:\Program Files (x86)\Arduino -Xms128M -Xmx512M 
java_command: processing.app.Base C:\Users\이찬우\Desktop\WITHROBOT_20130823\WITHROBOT\myAhrs\ex01_read_sensor\ex01_read_sensor.ino
java_class_path (initial): C:\Program Files (x86)\Arduino\lib\apple.jar;C:\Program Files (x86)\Arduino\lib\arduino-core.jar;C:\Program Files (x86)\Arduino\lib\bcpg-jdk15on-152.jar;C:\Program Files (x86)\Arduino\lib\bcprov-jdk15on-152.jar;C:\Program Files (x86)\Arduino\lib\commons-codec-1.7.jar;C:\Program Files (x86)\Arduino\lib\commons-compress-1.8.jar;C:\Program Files (x86)\Arduino\lib\commons-exec-1.1.jar;C:\Program Files (x86)\Arduino\lib\commons-httpclient-3.1.jar;C:\Program Files (x86)\Arduino\lib\commons-lang3-3.3.2.jar;C:\Program Files (x86)\Arduino\lib\commons-logging-1.0.4.jar;C:\Program Files (x86)\Arduino\lib\commons-net-3.3.jar;C:\Program Files (x86)\Arduino\lib\ecj.jar;C:\Program Files (x86)\Arduino\lib\jackson-annotations-2.6.3.jar;C:\Program Files (x86)\Arduino\lib\jackson-core-2.6.3.jar;C:\Program Files (x86)\Arduino\lib\jackson-databind-2.6.3.jar;C:\Program Files (x86)\Arduino\lib\jackson-module-mrbean-2.6.3.jar;C:\Program Files (x86)\Arduino\lib\java-semver-0.8.0.jar;C:\Program Files (x86)\Arduino\lib\jmdns-3.4.1.jar;C:\Program Files (x86)\Arduino\lib\jna-4.1.0.jar;C:\Program Files (x86)\Arduino\lib\jna-platform-4.1.0.jar;C:\Program Files (x86)\Arduino\lib\jsch-0.1.50.jar;C:\Program Files (x86)\Arduino\lib\jssc-2.8.0.jar;C:\Program Files (x86)\Arduino\lib\pde.jar;C:\Program Files (x86)\Arduino\lib\rsyntaxtextarea-2.5.8.1+arduino.jar
Launcher Type: SUN_STANDARD

Environment Variables:
JAVA_HOME=C:\Java\jdk1.8.0_20
CLASSPATH=C:\tomcat 7.0\lib\servlet-api.jar
PATH=C:\ProgramData\Oracle\Java\javapath;C:\windows\system32;C:\Program Files\MySQL\MySQL Server 5.6\bin;C:\Java\jdk1.8.0_20\bin;C:\Program Files (x86)\Common Files\Adobe\AGL;C:\Program Files\MATLAB\R2013b\runtime\win64;C:\Program Files\MATLAB\R2013b\bin;C:\Program Files\MATLAB\R2013b\polyspace\bin;C:\Program Files (x86)\Windows Live\Shared;C:\windows\system32\config\systemprofile\.dnx\bin;C:\Program Files\Microsoft DNX\Dnvm\;C:\Program Files\Microsoft SQL Server\120\Tools\Binn\;C:\Program Files (x86)\Windows Kits\10\Windows Performance Toolkit\;C:\Program Files (x86)\Microsoft Emulator Manager\1.0\;C:\Users\이찬우\AppData\Local\Programs\Git\cmd;C:\Users\이찬우\AppData\Local\Programs\Git\bin;C:\Program Files (x86)\MySQL\MySQL Server 5.6\bin;C:\Modeltech_6.2b\win32;C:\Users\이찬우\AppData\Local\Programs\Git\cmd;C:\Users\이찬우\AppData\Local\Programs\Git\mingw32\bin;C:\Users\이찬우\AppData\Local\Programs\Git\usr\bin;C:\Program Files (x86)\Arduino\java\bin
USERNAME=이찬우
OS=Windows_NT
PROCESSOR_IDENTIFIER=Intel64 Family 6 Model 60 Stepping 3, GenuineIntel



---------------  S Y S T E M  ---------------

OS: Windows 8.1 , 64 bit Build 9600 (6.3.9600.17415)

CPU:total 4 (2 cores per cpu, 2 threads per core) family 6 model 60 stepping 3, cmov, cx8, fxsr, mmx, sse, sse2, sse3, ssse3, sse4.1, sse4.2, popcnt, avx, avx2, aes, clmul, erms, lzcnt, ht, tsc, tscinvbit, bmi1, bmi2

Memory: 4k page, physical 4099872k(1544056k free), swap 7127692k(2398652k free)

vm_info: Java HotSpot(TM) Client VM (25.66-b17) for windows-x86 JRE (1.8.0_66-b17), built on Oct  6 2015 19:59:47 by "java_re" with MS VC++ 10.0 (VS2010)

time: Thu Feb 18 23:10:28 2016
elapsed time: 34406 seconds (0d 9h 33m 26s)

